<?xml version="1.0" encoding="UTF-8"?>
<testng-results ignored="0" total="1" passed="1" failed="0" skipped="0">
  <reporter-output>
  </reporter-output>
  <suite started-at="2025-05-10T16:23:12 IST" name="AllTests" finished-at="2025-05-10T16:23:13 IST" duration-ms="1560">
    <groups>
    </groups>
    <test started-at="2025-05-10T16:23:12 IST" name="Login Tests" finished-at="2025-05-10T16:23:13 IST" duration-ms="1560">
      <class name="test.LoginTest">
        <test-method signature="loginWithExcelData()[pri:0, instance:test.LoginTest@14dd9eb7]" started-at="2025-05-10T16:23:12 IST" name="loginWithExcelData" finished-at="2025-05-10T16:23:13 IST" duration-ms="1510" status="PASS">
          <reporter-output>
          </reporter-output>
        </test-method> <!-- loginWithExcelData -->
      </class> <!-- test.LoginTest -->
    </test> <!-- Login Tests -->
  </suite> <!-- AllTests -->
</testng-results>
